0 info it worked if it ends with ok
1 verbose cli [ 'node', '/usr/local/bin/npm', 'run-script', 'lint' ]
2 info using npm@1.4.28
3 info using node@v0.10.35
4 verbose run-script [ 'prelint', 'lint', 'postlint' ]
5 info prelint object-diff@0.0.1
6 info lint object-diff@0.0.1
7 verbose unsafe-perm in lifecycle true
8 info object-diff@0.0.1 Failed to exec lint script
9 error object-diff@0.0.1 lint: `jshint *.json *.js`
9 error Exit status 2
10 error Failed at the object-diff@0.0.1 lint script.
10 error This is most likely a problem with the object-diff package,
10 error not with npm itself.
10 error Tell the author that this fails on your system:
10 error     jshint *.json *.js
10 error You can get their info via:
10 error     npm owner ls object-diff
10 error There is likely additional logging output above.
11 error System Darwin 14.0.0
12 error command "node" "/usr/local/bin/npm" "run-script" "lint"
13 error cwd /Applications/MAMP/htdocs/object-diff
14 error node -v v0.10.35
15 error npm -v 1.4.28
16 error code ELIFECYCLE
17 verbose exit [ 1, true ]
